<?xml version="1.0" encoding="UTF-8"?>
<!-- Generated by org.testng.reporters.JUnitReportReporter -->
<testsuite skipped="0" hostname="naveen" name="com.amzon.AmzonDemo" tests="2" failures="0" timestamp="2019-12-26T15:17:22 IST" time="71.088" errors="0">
  <testcase name="takeiPhonePricefromFlpkrt" time="32.314" classname="com.amzon.AmzonDemo"/>
  <testcase name="takeiPhonePricefromAmzn" time="38.774" classname="com.amzon.AmzonDemo"/>
</testsuite> <!-- com.amzon.AmzonDemo -->
